c:\users\hulklee1\source\repos\iot225\mfcmemo\mfcmemo\x64\debug\mfcmemo.pch
c:\users\hulklee1\source\repos\iot225\mfcmemo\mfcmemo\x64\debug\vc142.pdb
c:\users\hulklee1\source\repos\iot225\mfcmemo\mfcmemo\x64\debug\vc142.idb
c:\users\hulklee1\source\repos\iot225\mfcmemo\mfcmemo\x64\debug\pch.obj
c:\users\hulklee1\source\repos\iot225\mfcmemo\mfcmemo\x64\debug\mfcmemodlg.obj
c:\users\hulklee1\source\repos\iot225\mfcmemo\mfcmemo\x64\debug\mfcmemo.obj
c:\users\hulklee1\source\repos\iot225\mfcmemo\mfcmemo\x64\debug\cdlgnew.obj
c:\users\hulklee1\source\repos\iot225\mfcmemo\mfcmemo\x64\debug\cdlgtest.obj
c:\users\hulklee1\source\repos\iot225\mfcmemo\x64\debug\mfcmemo.exe
c:\users\hulklee1\source\repos\iot225\mfcmemo\mfcmemo\x64\debug\mfcmemo.ilk
c:\users\hulklee1\source\repos\iot225\mfcmemo\x64\debug\mfcmemo.pdb
c:\users\hulklee1\source\repos\iot225\mfcmemo\mfcmemo\x64\debug\mfcmemo.res
c:\users\hulklee1\source\repos\iot225\mfcmemo\mfcmemo\x64\debug\mfcmemo.tlog\cl.command.1.tlog
c:\users\hulklee1\source\repos\iot225\mfcmemo\mfcmemo\x64\debug\mfcmemo.tlog\cl.read.1.tlog
c:\users\hulklee1\source\repos\iot225\mfcmemo\mfcmemo\x64\debug\mfcmemo.tlog\cl.write.1.tlog
c:\users\hulklee1\source\repos\iot225\mfcmemo\mfcmemo\x64\debug\mfcmemo.tlog\link.command.1.tlog
c:\users\hulklee1\source\repos\iot225\mfcmemo\mfcmemo\x64\debug\mfcmemo.tlog\link.read.1.tlog
c:\users\hulklee1\source\repos\iot225\mfcmemo\mfcmemo\x64\debug\mfcmemo.tlog\link.write.1.tlog
c:\users\hulklee1\source\repos\iot225\mfcmemo\mfcmemo\x64\debug\mfcmemo.tlog\rc.command.1.tlog
c:\users\hulklee1\source\repos\iot225\mfcmemo\mfcmemo\x64\debug\mfcmemo.tlog\rc.read.1.tlog
c:\users\hulklee1\source\repos\iot225\mfcmemo\mfcmemo\x64\debug\mfcmemo.tlog\rc.write.1.tlog
